<?xml version="1.0" encoding="utf-8"?>
<?AutomationStudio Version="4.7.2.98"?>
<Objects>
  <Object
    Path="C:\Users\mafio\Documents\GitHub\OTTO_Introduction\Logical\Package.pkg"
    LogicalPath=""
    Type="Package.ParentUnknown"
    LastWriteTime="132520698923736089" />
  <Object
    Path="C:\Users\mafio\Documents\GitHub\OTTO_Introduction\Logical\Global.typ"
    LogicalPath="Global.typ"
    Type="File"
    LastWriteTime="132495640158973198"
    Private="false" />
  <Object
    Path="C:\Users\mafio\Documents\GitHub\OTTO_Introduction\Logical\Global.var"
    LogicalPath="Global.var"
    Type="File"
    LastWriteTime="132495640159463128"
    Private="false" />
  <Object
    Path="C:\Users\mafio\Documents\GitHub\OTTO_Introduction\Logical\Libraries\Package.pkg"
    LogicalPath="Libraries"
    Type="Package"
    LastWriteTime="132521741486758534" />
  <Object
    Path="C:\Users\mafio\Documents\GitHub\OTTO_Introduction\Logical\Libraries\operator\binary.lby"
    LogicalPath="Libraries.operator"
    Type="Library"
    LastWriteTime="132495640234783229" />
  <Object
    Path="C:\Users\mafio\Documents\GitHub\OTTO_Introduction\Logical\Libraries\operator\operator.fun"
    LogicalPath="Libraries.operator.operator.fun"
    Type="File"
    LastWriteTime="132495640234163181"
    Private="false" />
  <Object
    Path="C:\Users\mafio\Documents\GitHub\OTTO_Introduction\Logical\Libraries\operator\operator.typ"
    LogicalPath="Libraries.operator.operator.typ"
    Type="File"
    LastWriteTime="132495640234433216"
    Private="false" />
  <Object
    Path="C:\Users\mafio\Documents\GitHub\OTTO_Introduction\Logical\Libraries\operator\operator.var"
    LogicalPath="Libraries.operator.operator.var"
    Type="File"
    LastWriteTime="132495640234753241"
    Private="false" />
  <Object
    Path="C:\Users\mafio\Documents\GitHub\OTTO_Introduction\Logical\Libraries\runtime\binary.lby"
    LogicalPath="Libraries.runtime"
    Type="Library"
    LastWriteTime="132495640245433126" />
  <Object
    Path="C:\Users\mafio\Documents\GitHub\OTTO_Introduction\Logical\Libraries\runtime\runtime.fun"
    LogicalPath="Libraries.runtime.runtime.fun"
    Type="File"
    LastWriteTime="132495640244923145"
    Private="false" />
  <Object
    Path="C:\Users\mafio\Documents\GitHub\OTTO_Introduction\Logical\Libraries\runtime\runtime.typ"
    LogicalPath="Libraries.runtime.runtime.typ"
    Type="File"
    LastWriteTime="132495640245153211"
    Private="false" />
  <Object
    Path="C:\Users\mafio\Documents\GitHub\OTTO_Introduction\Logical\Libraries\runtime\runtime.var"
    LogicalPath="Libraries.runtime.runtime.var"
    Type="File"
    LastWriteTime="132495640245413225"
    Private="false" />
  <Object
    Path="C:\Users\mafio\Documents\GitHub\OTTO_Introduction\Logical\Libraries\standard\binary.lby"
    LogicalPath="Libraries.standard"
    Type="Library"
    LastWriteTime="132495699659316975" />
  <Object
    Path="C:\Users\mafio\Documents\GitHub\OTTO_Introduction\Logical\Libraries\standard\standard.fun"
    LogicalPath="Libraries.standard.standard.fun"
    Type="File"
    LastWriteTime="132495699659160708"
    Private="false" />
  <Object
    Path="C:\Users\mafio\Documents\GitHub\OTTO_Introduction\Logical\Libraries\standard\standard.typ"
    LogicalPath="Libraries.standard.standard.typ"
    Type="File"
    LastWriteTime="132495699659160708"
    Private="false" />
  <Object
    Path="C:\Users\mafio\Documents\GitHub\OTTO_Introduction\Logical\Libraries\standard\standard.var"
    LogicalPath="Libraries.standard.standard.var"
    Type="File"
    LastWriteTime="132495699659316975"
    Private="false" />
  <Object
    Path="C:\Users\mafio\Documents\GitHub\OTTO_Introduction\Logical\Libraries\astime\binary.lby"
    LogicalPath="Libraries.astime"
    Type="Library"
    LastWriteTime="132495640257813223" />
  <Object
    Path="C:\Users\mafio\Documents\GitHub\OTTO_Introduction\Logical\Libraries\astime\astime.fun"
    LogicalPath="Libraries.astime.astime.fun"
    Type="File"
    LastWriteTime="132495640257383186"
    Private="false" />
  <Object
    Path="C:\Users\mafio\Documents\GitHub\OTTO_Introduction\Logical\Libraries\astime\astime.typ"
    LogicalPath="Libraries.astime.astime.typ"
    Type="File"
    LastWriteTime="132495640257583149"
    Private="false" />
  <Object
    Path="C:\Users\mafio\Documents\GitHub\OTTO_Introduction\Logical\Libraries\astime\astime.var"
    LogicalPath="Libraries.astime.astime.var"
    Type="File"
    LastWriteTime="132495640257803202"
    Private="false" />
  <Object
    Path="C:\Users\mafio\Documents\GitHub\OTTO_Introduction\Logical\Libraries\AsIecCon\binary.lby"
    LogicalPath="Libraries.AsIecCon"
    Type="Library"
    LastWriteTime="132495640278763332" />
  <Object
    Path="C:\Users\mafio\Documents\GitHub\OTTO_Introduction\Logical\Libraries\AsIecCon\AsIecCon.fun"
    LogicalPath="Libraries.AsIecCon.AsIecCon.fun"
    Type="File"
    LastWriteTime="132495640278453107"
    Private="false" />
  <Object
    Path="C:\Users\mafio\Documents\GitHub\OTTO_Introduction\Logical\Libraries\AsIecCon\AsIecCon.typ"
    LogicalPath="Libraries.AsIecCon.AsIecCon.typ"
    Type="File"
    LastWriteTime="132495640278593225"
    Private="false" />
  <Object
    Path="C:\Users\mafio\Documents\GitHub\OTTO_Introduction\Logical\Libraries\AsIecCon\AsIecCon.var"
    LogicalPath="Libraries.AsIecCon.AsIecCon.var"
    Type="File"
    LastWriteTime="132495640278743130"
    Private="false" />
  <Object
    Path="C:\Users\mafio\Documents\GitHub\OTTO_Introduction\Logical\Libraries\AsOpcUac\binary.lby"
    LogicalPath="Libraries.AsOpcUac"
    Type="Library"
    LastWriteTime="132519890614597032" />
  <Object
    Path="C:\Users\mafio\Documents\GitHub\OTTO_Introduction\Logical\Libraries\AsOpcUac\AsOpcUac.fun"
    LogicalPath="Libraries.AsOpcUac.AsOpcUac.fun"
    Type="File"
    LastWriteTime="132519890614219252"
    Private="false" />
  <Object
    Path="C:\Users\mafio\Documents\GitHub\OTTO_Introduction\Logical\Libraries\AsOpcUac\AsOpcUac.typ"
    LogicalPath="Libraries.AsOpcUac.AsOpcUac.typ"
    Type="File"
    LastWriteTime="132519890614440649"
    Private="false" />
  <Object
    Path="C:\Users\mafio\Documents\GitHub\OTTO_Introduction\Logical\Libraries\AsOpcUac\AsOpcUac.var"
    LogicalPath="Libraries.AsOpcUac.AsOpcUac.var"
    Type="File"
    LastWriteTime="132519890614597032"
    Private="false" />
  <Object
    Path="C:\Users\mafio\Documents\GitHub\OTTO_Introduction\Logical\Libraries\AsOpcUas\binary.lby"
    LogicalPath="Libraries.AsOpcUas"
    Type="Library"
    LastWriteTime="132521741486239764" />
  <Object
    Path="C:\Users\mafio\Documents\GitHub\OTTO_Introduction\Logical\Libraries\AsOpcUas\AsOpcUas.fun"
    LogicalPath="Libraries.AsOpcUas.AsOpcUas.fun"
    Type="File"
    LastWriteTime="132521741485859674"
    Private="false" />
  <Object
    Path="C:\Users\mafio\Documents\GitHub\OTTO_Introduction\Logical\Libraries\AsOpcUas\AsOpcUas.typ"
    LogicalPath="Libraries.AsOpcUas.AsOpcUas.typ"
    Type="File"
    LastWriteTime="132521741486059776"
    Private="false" />
  <Object
    Path="C:\Users\mafio\Documents\GitHub\OTTO_Introduction\Logical\Libraries\AsOpcUas\AsOpcUas.var"
    LogicalPath="Libraries.AsOpcUas.AsOpcUas.var"
    Type="File"
    LastWriteTime="132521741486219779"
    Private="false" />
  <Object
    Path="C:\Users\mafio\Documents\GitHub\OTTO_Introduction\Logical\Modbus\IEC.prg"
    LogicalPath="Modbus"
    Type="Program"
    LastWriteTime="132496579873307443" />
  <Object
    Path="C:\Users\mafio\Documents\GitHub\OTTO_Introduction\Logical\Modbus\modbus.st"
    LogicalPath="Modbus.modbus.st"
    Type="File"
    LastWriteTime="132507021497785690"
    Private="false" />
  <Object
    Path="C:\Users\mafio\Documents\GitHub\OTTO_Introduction\Logical\Modbus\Types.typ"
    LogicalPath="Modbus.Types.typ"
    Type="File"
    LastWriteTime="132507022678145622"
    Private="true" />
  <Object
    Path="C:\Users\mafio\Documents\GitHub\OTTO_Introduction\Logical\Modbus\Variables.var"
    LogicalPath="Modbus.Variables.var"
    Type="File"
    LastWriteTime="132497323234052344"
    Private="true" />
  <Object
    Path="C:\Users\mafio\Documents\GitHub\OTTO_Introduction\Logical\Handshake\IEC.prg"
    LogicalPath="Handshake"
    Type="Program"
    LastWriteTime="132519872997252364" />
  <Object
    Path="C:\Users\mafio\Documents\GitHub\OTTO_Introduction\Logical\Handshake\handshake.st"
    LogicalPath="Handshake.handshake.st"
    Type="File"
    LastWriteTime="132519872996941215"
    Private="false" />
  <Object
    Path="C:\Users\mafio\Documents\GitHub\OTTO_Introduction\Logical\Handshake\Types.typ"
    LogicalPath="Handshake.Types.typ"
    Type="File"
    LastWriteTime="132519872997096108"
    Private="true" />
  <Object
    Path="C:\Users\mafio\Documents\GitHub\OTTO_Introduction\Logical\Handshake\Variables.var"
    LogicalPath="Handshake.Variables.var"
    Type="File"
    LastWriteTime="132519872997252364"
    Private="true" />
  <Object
    Path="C:\Users\mafio\Documents\GitHub\OTTO_Introduction\Logical\OPC_UA\Package.pkg"
    LogicalPath="OPC_UA"
    Type="Package"
    LastWriteTime="132524216676190796" />
  <Object
    Path="C:\Users\mafio\Documents\GitHub\OTTO_Introduction\Logical\OPC_UA\Variables.var"
    LogicalPath="OPC_UA.Variables.var"
    Type="File"
    LastWriteTime="132519907685215407"
    Private="true" />
  <Object
    Path="C:\Users\mafio\Documents\GitHub\OTTO_Introduction\Logical\OPC_UA\Types.typ"
    LogicalPath="OPC_UA.Types.typ"
    Type="File"
    LastWriteTime="132519907688755432"
    Private="true" />
  <Object
    Path="C:\Users\mafio\Documents\GitHub\OTTO_Introduction\Logical\OPC_UA\Client\IEC.prg"
    LogicalPath="OPC_UA.Client"
    Type="Program"
    LastWriteTime="132519884200915590" />
  <Object
    Path="C:\Users\mafio\Documents\GitHub\OTTO_Introduction\Logical\OPC_UA\Client\client_ignition.st"
    LogicalPath="OPC_UA.Client.client_ignition.st"
    Type="File"
    LastWriteTime="132520802097631000"
    Private="false" />
  <Object
    Path="C:\Users\mafio\Documents\GitHub\OTTO_Introduction\Logical\OPC_UA\Client\Types.typ"
    LogicalPath="OPC_UA.Client.Types.typ"
    Type="File"
    LastWriteTime="132519883698462923"
    Private="true" />
  <Object
    Path="C:\Users\mafio\Documents\GitHub\OTTO_Introduction\Logical\OPC_UA\Client\Variables.var"
    LogicalPath="OPC_UA.Client.Variables.var"
    Type="File"
    LastWriteTime="132519907687375045"
    Private="true" />
  <Object
    Path="C:\Users\mafio\Documents\GitHub\OTTO_Introduction\Logical\OPC_UA\Server\IEC.prg"
    LogicalPath="OPC_UA.Server"
    Type="Program"
    LastWriteTime="132520699707089844" />
  <Object
    Path="C:\Users\mafio\Documents\GitHub\OTTO_Introduction\Logical\OPC_UA\Server\Cyclic.ab"
    LogicalPath="OPC_UA.Server.Cyclic.ab"
    Type="File"
    LastWriteTime="132520699914268872"
    Private="false" />
  <Object
    Path="C:\Users\mafio\Documents\GitHub\OTTO_Introduction\Logical\OPC_UA\Server\Types.typ"
    LogicalPath="OPC_UA.Server.Types.typ"
    Type="File"
    LastWriteTime="132520699230543585"
    Private="true" />
  <Object
    Path="C:\Users\mafio\Documents\GitHub\OTTO_Introduction\Logical\OPC_UA\Server\Variables.var"
    LogicalPath="OPC_UA.Server.Variables.var"
    Type="File"
    LastWriteTime="132520702999830933"
    Private="true" />
  <Object
    Path="C:\Users\mafio\Documents\GitHub\OTTO_Introduction\Logical\OPC_UA\OpcTag.opct"
    LogicalPath="OPC_UA.OpcTag.opct"
    Type="File"
    LastWriteTime="132524216675970743"
    Private="false" />
  <Object
    Path="C:\Users\mafio\Documents\GitHub\OTTO_Introduction\Physical\OPCforIgnition\Config.pkg"
    LogicalPath="OPCforIgnition"
    Type="Configuration.ParentUnknown"
    LastWriteTime="132521521605295385" />
  <Object
    Path="C:\Users\mafio\Documents\GitHub\OTTO_Introduction\Physical\OPCforIgnition\Hardware.hw"
    LogicalPath="OPCforIgnition.Hardware.hw"
    Type="File"
    LastWriteTime="132524263472800339"
    Private="false" />
  <Object
    Path="C:\Users\mafio\Documents\GitHub\OTTO_Introduction\Physical\OPCforIgnition\Hardware.hwl"
    LogicalPath="OPCforIgnition.Hardware.hwl"
    Type="File"
    LastWriteTime="132519935395601928"
    Private="false" />
  <Object
    Path="C:\Users\mafio\Documents\GitHub\OTTO_Introduction\Physical\OPCforIgnition\X20CP0482\Cpu.pkg"
    LogicalPath="OPCforIgnition.X20CP0482"
    Type="Cpu"
    LastWriteTime="132521708803154246" />
  <Object
    Path="C:\Users\mafio\Documents\GitHub\OTTO_Introduction\Physical\OPCforIgnition\X20CP0482\Cpu.sw"
    LogicalPath="OPCforIgnition.X20CP0482.Cpu.sw"
    Type="File"
    LastWriteTime="132521745534905417"
    Private="false" />
  <Object
    Path="C:\Users\mafio\Documents\GitHub\OTTO_Introduction\Physical\OPCforIgnition\X20CP0482\Cpu.per"
    LogicalPath="OPCforIgnition.X20CP0482.Cpu.per"
    Type="File"
    LastWriteTime="132519933612344586"
    Private="false" />
  <Object
    Path="C:\Users\mafio\Documents\GitHub\OTTO_Introduction\Physical\OPCforIgnition\X20CP0482\IoMap.iom"
    LogicalPath="OPCforIgnition.X20CP0482.IoMap.iom"
    Type="File"
    LastWriteTime="132521590962992568"
    Private="false" />
  <Object
    Path="C:\Users\mafio\Documents\GitHub\OTTO_Introduction\Physical\OPCforIgnition\X20CP0482\PvMap.vvm"
    LogicalPath="OPCforIgnition.X20CP0482.PvMap.vvm"
    Type="File"
    LastWriteTime="132519933612502241"
    Private="false" />
  <Object
    Path="C:\Users\mafio\Documents\GitHub\OTTO_Introduction\Physical\OPCforIgnition\X20CP0482\Connectivity\Package.pkg"
    LogicalPath="OPCforIgnition.X20CP0482.Connectivity"
    Type="Package"
    LastWriteTime="132519933613629802" />
  <Object
    Path="C:\Users\mafio\Documents\GitHub\OTTO_Introduction\Physical\OPCforIgnition\X20CP0482\Connectivity\OpcUA\Package.pkg"
    LogicalPath="OPCforIgnition.X20CP0482.Connectivity.OpcUA"
    Type="Package"
    LastWriteTime="132524299688974218" />
  <Object
    Path="C:\Users\mafio\Documents\GitHub\OTTO_Introduction\Physical\OPCforIgnition\X20CP0482\Connectivity\OpcUA\OpcUaMap.uad"
    LogicalPath="OPCforIgnition.X20CP0482.Connectivity.OpcUA.OpcUaMap.uad"
    Type="File"
    LastWriteTime="132524299688874183"
    Private="false" />
  <Object
    Path="C:\Users\mafio\Documents\GitHub\OTTO_Introduction\Physical\OPCforIgnition\X20CP0482\Connectivity\OpcUA\OpcUa.uanodeset"
    LogicalPath="OPCforIgnition.X20CP0482.Connectivity.OpcUA.OpcUa.uanodeset"
    Type="File"
    LastWriteTime="132524299679935427"
    Private="false" />
  <Object
    Path="C:\Users\mafio\Documents\GitHub\OTTO_Introduction\Physical\OPCforIgnition\X20CP0482\TextSystem\Package.pkg"
    LogicalPath="OPCforIgnition.X20CP0482.TextSystem"
    Type="Package"
    LastWriteTime="132519933613724926" />
  <Object
    Path="C:\Users\mafio\Documents\GitHub\OTTO_Introduction\Physical\OPCforIgnition\X20CP0482\UnitSystem\Package.pkg"
    LogicalPath="OPCforIgnition.X20CP0482.UnitSystem"
    Type="Package"
    LastWriteTime="132519933613881287" />
  <Object
    Path="C:\Users\mafio\Documents\GitHub\OTTO_Introduction\Physical\OPCforIgnition\X20CP0482\AccessAndSecurity\Package.pkg"
    LogicalPath="OPCforIgnition.X20CP0482.AccessAndSecurity"
    Type="Package"
    LastWriteTime="132519933616544580" />
  <Object
    Path="C:\Users\mafio\Documents\GitHub\OTTO_Introduction\Physical\OPCforIgnition\X20CP0482\AccessAndSecurity\UserRoleSystem\Package.pkg"
    LogicalPath="OPCforIgnition.X20CP0482.AccessAndSecurity.UserRoleSystem"
    Type="Package"
    LastWriteTime="132519933614724350" />
  <Object
    Path="C:\Users\mafio\Documents\GitHub\OTTO_Introduction\Physical\OPCforIgnition\X20CP0482\AccessAndSecurity\UserRoleSystem\Role.role"
    LogicalPath="OPCforIgnition.X20CP0482.AccessAndSecurity.UserRoleSystem.Role.role"
    Type="File"
    LastWriteTime="132520828988509638"
    Private="false" />
  <Object
    Path="C:\Users\mafio\Documents\GitHub\OTTO_Introduction\Physical\OPCforIgnition\X20CP0482\AccessAndSecurity\UserRoleSystem\User.user"
    LogicalPath="OPCforIgnition.X20CP0482.AccessAndSecurity.UserRoleSystem.User.user"
    Type="File"
    LastWriteTime="132521716488575964"
    Private="false" />
  <Object
    Path="C:\Users\mafio\Documents\GitHub\OTTO_Introduction\Physical\OPCforIgnition\X20CP0482\AccessAndSecurity\CertificateStore\Package.pkg"
    LogicalPath="OPCforIgnition.X20CP0482.AccessAndSecurity.CertificateStore"
    Type="Package"
    LastWriteTime="132519933615994998" />
  <Object
    Path="C:\Users\mafio\Documents\GitHub\OTTO_Introduction\Physical\OPCforIgnition\X20CP0482\AccessAndSecurity\CertificateStore\OwnCertificates\Package.pkg"
    LogicalPath="OPCforIgnition.X20CP0482.AccessAndSecurity.CertificateStore.OwnCertificates"
    Type="Package"
    LastWriteTime="132519933615194022" />
  <Object
    Path="C:\Users\mafio\Documents\GitHub\OTTO_Introduction\Physical\OPCforIgnition\X20CP0482\AccessAndSecurity\CertificateStore\OwnCertificates\Certificates\Package.pkg"
    LogicalPath="OPCforIgnition.X20CP0482.AccessAndSecurity.CertificateStore.OwnCertificates.Certificates"
    Type="Package"
    LastWriteTime="132524250920545990" />
  <Object
    Path="C:\Users\mafio\Documents\GitHub\OTTO_Introduction\Physical\OPCforIgnition\X20CP0482\AccessAndSecurity\CertificateStore\OwnCertificates\Certificates\MyOpcUaCert1.cer"
    LogicalPath="OPCforIgnition.X20CP0482.AccessAndSecurity.CertificateStore.OwnCertificates.Certificates.MyOpcUaCert1.cer"
    Type="File"
    LastWriteTime="132524224193196351"
    Private="false" />
  <Object
    Path="C:\Users\mafio\Documents\GitHub\OTTO_Introduction\Physical\OPCforIgnition\X20CP0482\AccessAndSecurity\CertificateStore\OwnCertificates\PrivateKeys\Package.pkg"
    LogicalPath="OPCforIgnition.X20CP0482.AccessAndSecurity.CertificateStore.OwnCertificates.PrivateKeys"
    Type="Package"
    LastWriteTime="132524250905085744" />
  <Object
    Path="C:\Users\mafio\Documents\GitHub\OTTO_Introduction\Physical\OPCforIgnition\X20CP0482\AccessAndSecurity\CertificateStore\OwnCertificates\PrivateKeys\MyOpcUaServerKey1.key"
    LogicalPath="OPCforIgnition.X20CP0482.AccessAndSecurity.CertificateStore.OwnCertificates.PrivateKeys.MyOpcUaServerKey1.key"
    Type="File"
    LastWriteTime="132524224186854809"
    Private="false" />
  <Object
    Path="C:\Users\mafio\Documents\GitHub\OTTO_Introduction\Physical\OPCforIgnition\X20CP0482\AccessAndSecurity\CertificateStore\ThirdPartyCertificates\Package.pkg"
    LogicalPath="OPCforIgnition.X20CP0482.AccessAndSecurity.CertificateStore.ThirdPartyCertificates"
    Type="Package"
    LastWriteTime="132519933615505780" />
  <Object
    Path="C:\Users\mafio\Documents\GitHub\OTTO_Introduction\Physical\OPCforIgnition\X20CP0482\AccessAndSecurity\CertificateStore\ThirdPartyCertificates\SoftwareCertificates\Package.pkg"
    LogicalPath="OPCforIgnition.X20CP0482.AccessAndSecurity.CertificateStore.ThirdPartyCertificates.SoftwareCertificates"
    Type="Package"
    LastWriteTime="132524252630304210" />
  <Object
    Path="C:\Users\mafio\Documents\GitHub\OTTO_Introduction\Physical\OPCforIgnition\X20CP0482\AccessAndSecurity\CertificateStore\ThirdPartyCertificates\SoftwareCertificates\ignition-client.der"
    LogicalPath="OPCforIgnition.X20CP0482.AccessAndSecurity.CertificateStore.ThirdPartyCertificates.SoftwareCertificates.ignition-client.der"
    Type="File"
    LastWriteTime="132521712304811031"
    Private="false" />
  <Object
    Path="C:\Users\mafio\Documents\GitHub\OTTO_Introduction\Physical\OPCforIgnition\X20CP0482\AccessAndSecurity\CertificateStore\CertificateRevocationLists\Package.pkg"
    LogicalPath="OPCforIgnition.X20CP0482.AccessAndSecurity.CertificateStore.CertificateRevocationLists"
    Type="Package"
    LastWriteTime="132519933615727316" />
  <Object
    Path="C:\Users\mafio\Documents\GitHub\OTTO_Introduction\Physical\OPCforIgnition\X20CP0482\AccessAndSecurity\CertificateStore\CertificateSigningRequests\Package.pkg"
    LogicalPath="OPCforIgnition.X20CP0482.AccessAndSecurity.CertificateStore.CertificateSigningRequests"
    Type="Package"
    LastWriteTime="132524219230059036" />
  <Object
    Path="C:\Users\mafio\Documents\GitHub\OTTO_Introduction\Physical\OPCforIgnition\X20CP0482\AccessAndSecurity\CertificateStore\CertificateSigningRequests\MyRequest.csr"
    LogicalPath="OPCforIgnition.X20CP0482.AccessAndSecurity.CertificateStore.CertificateSigningRequests.MyRequest.csr"
    Type="File"
    LastWriteTime="132524219229949001"
    Private="false" />
  <Object
    Path="C:\Users\mafio\Documents\GitHub\OTTO_Introduction\Physical\OPCforIgnition\X20CP0482\AccessAndSecurity\CertificateStore\CertificateSigningRequests\MyKey.key"
    LogicalPath="OPCforIgnition.X20CP0482.AccessAndSecurity.CertificateStore.CertificateSigningRequests.MyKey.key"
    Type="File"
    LastWriteTime="132524219224027550"
    Private="false" />
  <Object
    Path="C:\Users\mafio\Documents\GitHub\OTTO_Introduction\Physical\OPCforIgnition\X20CP0482\AccessAndSecurity\TransportLayerSecurity\Package.pkg"
    LogicalPath="OPCforIgnition.X20CP0482.AccessAndSecurity.TransportLayerSecurity"
    Type="Package"
    LastWriteTime="132521557436691785" />
  <Object
    Path="C:\Users\mafio\Documents\GitHub\OTTO_Introduction\Physical\OPCforIgnition\X20CP0482\AccessAndSecurity\TransportLayerSecurity\Config.sslcfg"
    LogicalPath="OPCforIgnition.X20CP0482.AccessAndSecurity.TransportLayerSecurity.Config.sslcfg"
    Type="File"
    LastWriteTime="132524233738936255"
    Private="false" />
  <Object
    Path="C:\Users\mafio\Documents\GitHub\OTTO_Introduction\Physical\OPCforIgnition\X20CP0482\AccessAndSecurity\Firewall\Package.pkg"
    LogicalPath="OPCforIgnition.X20CP0482.AccessAndSecurity.Firewall"
    Type="Package"
    LastWriteTime="132519933616524577" />
  <Object
    Path="C:\Users\mafio\Documents\GitHub\OTTO_Introduction\Physical\OPCforIgnition\X20CP0482\AccessAndSecurity\Firewall\Rules.firewallRules"
    LogicalPath="OPCforIgnition.X20CP0482.AccessAndSecurity.Firewall.Rules.firewallRules"
    Type="File"
    LastWriteTime="132524233859312389"
    Private="false" />
  <Object
    Path="C:\Users\mafio\Documents\GitHub\OTTO_Introduction\Physical\OPCforIgnition\X20CP0482\mappControl\Package.pkg"
    LogicalPath="OPCforIgnition.X20CP0482.mappControl"
    Type="Package"
    LastWriteTime="132519933616590908" />
  <Object
    Path="C:\Users\mafio\Documents\GitHub\OTTO_Introduction\Physical\OPCforIgnition\X20CP0482\mappMotion\Package.pkg"
    LogicalPath="OPCforIgnition.X20CP0482.mappMotion"
    Type="Package"
    LastWriteTime="132519933616726025" />
  <Object
    Path="C:\Users\mafio\Documents\GitHub\OTTO_Introduction\Physical\OPCforIgnition\X20CP0482\mappServices\Package.pkg"
    LogicalPath="OPCforIgnition.X20CP0482.mappServices"
    Type="Package"
    LastWriteTime="132519933616882433" />
  <Object
    Path="C:\Users\mafio\Documents\GitHub\OTTO_Introduction\Physical\OPCforIgnition\X20CP0482\mappView\Package.pkg"
    LogicalPath="OPCforIgnition.X20CP0482.mappView"
    Type="Package"
    LastWriteTime="132519933617038676" />
  <Object
    Path="C:\Users\mafio\Documents\GitHub\OTTO_Introduction\Physical\OPCforIgnition\X20CP0482\mappCockpit\Package.pkg"
    LogicalPath="OPCforIgnition.X20CP0482.mappCockpit"
    Type="Package"
    LastWriteTime="132519933617351172" />
  <Object
    Path="C:\Users\mafio\Documents\GitHub\OTTO_Introduction\Physical\OPCforIgnition\X20CP0482\OpcArMap.opcc"
    LogicalPath="OPCforIgnition.X20CP0482.OpcArMap.opcc"
    Type="File"
    LastWriteTime="132521606592905139"
    Private="false" />
  <Object
    Path="C:\Users\mafio\Documents\GitHub\OTTO_Introduction\Physical\OPCforIgnition\X20CP0482\OpcMap.opcm"
    LogicalPath="OPCforIgnition.X20CP0482.OpcMap.opcm"
    Type="File"
    LastWriteTime="132521711041755199"
    Private="false" />
  <Object
    Path="C:\Users\mafio\Documents\GitHub\OTTO_Introduction\Physical\OPCforIgnition\Hardware.jpg"
    LogicalPath="OPCforIgnition.Hardware.jpg"
    Type="File"
    LastWriteTime="132519935396034654"
    Private="false" />
</Objects>