<?xml version="1.0" encoding="utf-8"?>
<?AutomationStudio Version="4.7.2.98"?>
<Objects>
  <Object
    Path="C:\Users\mafio\Documents\GitHub\OTTO_Introduction\Logical\Package.pkg"
    LogicalPath=""
    Type="Package.ParentUnknown"
    LastWriteTime="132526671404427581" />
  <Object
    Path="C:\Users\mafio\Documents\GitHub\OTTO_Introduction\Logical\Global.typ"
    LogicalPath="Global.typ"
    Type="File"
    LastWriteTime="132495640158973198"
    Private="false" />
  <Object
    Path="C:\Users\mafio\Documents\GitHub\OTTO_Introduction\Logical\Global.var"
    LogicalPath="Global.var"
    Type="File"
    LastWriteTime="132495640159463128"
    Private="false" />
  <Object
    Path="C:\Users\mafio\Documents\GitHub\OTTO_Introduction\Logical\Libraries\Package.pkg"
    LogicalPath="Libraries"
    Type="Package"
    LastWriteTime="132521741486758534" />
  <Object
    Path="C:\Users\mafio\Documents\GitHub\OTTO_Introduction\Logical\Libraries\operator\binary.lby"
    LogicalPath="Libraries.operator"
    Type="Library"
    LastWriteTime="132495640234783229" />
  <Object
    Path="C:\Users\mafio\Documents\GitHub\OTTO_Introduction\Logical\Libraries\operator\operator.fun"
    LogicalPath="Libraries.operator.operator.fun"
    Type="File"
    LastWriteTime="132495640234163181"
    Private="false" />
  <Object
    Path="C:\Users\mafio\Documents\GitHub\OTTO_Introduction\Logical\Libraries\operator\operator.typ"
    LogicalPath="Libraries.operator.operator.typ"
    Type="File"
    LastWriteTime="132495640234433216"
    Private="false" />
  <Object
    Path="C:\Users\mafio\Documents\GitHub\OTTO_Introduction\Logical\Libraries\operator\operator.var"
    LogicalPath="Libraries.operator.operator.var"
    Type="File"
    LastWriteTime="132495640234753241"
    Private="false" />
  <Object
    Path="C:\Users\mafio\Documents\GitHub\OTTO_Introduction\Logical\Libraries\runtime\binary.lby"
    LogicalPath="Libraries.runtime"
    Type="Library"
    LastWriteTime="132495640245433126" />
  <Object
    Path="C:\Users\mafio\Documents\GitHub\OTTO_Introduction\Logical\Libraries\runtime\runtime.fun"
    LogicalPath="Libraries.runtime.runtime.fun"
    Type="File"
    LastWriteTime="132495640244923145"
    Private="false" />
  <Object
    Path="C:\Users\mafio\Documents\GitHub\OTTO_Introduction\Logical\Libraries\runtime\runtime.typ"
    LogicalPath="Libraries.runtime.runtime.typ"
    Type="File"
    LastWriteTime="132495640245153211"
    Private="false" />
  <Object
    Path="C:\Users\mafio\Documents\GitHub\OTTO_Introduction\Logical\Libraries\runtime\runtime.var"
    LogicalPath="Libraries.runtime.runtime.var"
    Type="File"
    LastWriteTime="132495640245413225"
    Private="false" />
  <Object
    Path="C:\Users\mafio\Documents\GitHub\OTTO_Introduction\Logical\Libraries\standard\binary.lby"
    LogicalPath="Libraries.standard"
    Type="Library"
    LastWriteTime="132495699659316975" />
  <Object
    Path="C:\Users\mafio\Documents\GitHub\OTTO_Introduction\Logical\Libraries\standard\standard.fun"
    LogicalPath="Libraries.standard.standard.fun"
    Type="File"
    LastWriteTime="132495699659160708"
    Private="false" />
  <Object
    Path="C:\Users\mafio\Documents\GitHub\OTTO_Introduction\Logical\Libraries\standard\standard.typ"
    LogicalPath="Libraries.standard.standard.typ"
    Type="File"
    LastWriteTime="132495699659160708"
    Private="false" />
  <Object
    Path="C:\Users\mafio\Documents\GitHub\OTTO_Introduction\Logical\Libraries\standard\standard.var"
    LogicalPath="Libraries.standard.standard.var"
    Type="File"
    LastWriteTime="132495699659316975"
    Private="false" />
  <Object
    Path="C:\Users\mafio\Documents\GitHub\OTTO_Introduction\Logical\Libraries\astime\binary.lby"
    LogicalPath="Libraries.astime"
    Type="Library"
    LastWriteTime="132495640257813223" />
  <Object
    Path="C:\Users\mafio\Documents\GitHub\OTTO_Introduction\Logical\Libraries\astime\astime.fun"
    LogicalPath="Libraries.astime.astime.fun"
    Type="File"
    LastWriteTime="132495640257383186"
    Private="false" />
  <Object
    Path="C:\Users\mafio\Documents\GitHub\OTTO_Introduction\Logical\Libraries\astime\astime.typ"
    LogicalPath="Libraries.astime.astime.typ"
    Type="File"
    LastWriteTime="132495640257583149"
    Private="false" />
  <Object
    Path="C:\Users\mafio\Documents\GitHub\OTTO_Introduction\Logical\Libraries\astime\astime.var"
    LogicalPath="Libraries.astime.astime.var"
    Type="File"
    LastWriteTime="132495640257803202"
    Private="false" />
  <Object
    Path="C:\Users\mafio\Documents\GitHub\OTTO_Introduction\Logical\Libraries\AsIecCon\binary.lby"
    LogicalPath="Libraries.AsIecCon"
    Type="Library"
    LastWriteTime="132495640278763332" />
  <Object
    Path="C:\Users\mafio\Documents\GitHub\OTTO_Introduction\Logical\Libraries\AsIecCon\AsIecCon.fun"
    LogicalPath="Libraries.AsIecCon.AsIecCon.fun"
    Type="File"
    LastWriteTime="132495640278453107"
    Private="false" />
  <Object
    Path="C:\Users\mafio\Documents\GitHub\OTTO_Introduction\Logical\Libraries\AsIecCon\AsIecCon.typ"
    LogicalPath="Libraries.AsIecCon.AsIecCon.typ"
    Type="File"
    LastWriteTime="132495640278593225"
    Private="false" />
  <Object
    Path="C:\Users\mafio\Documents\GitHub\OTTO_Introduction\Logical\Libraries\AsIecCon\AsIecCon.var"
    LogicalPath="Libraries.AsIecCon.AsIecCon.var"
    Type="File"
    LastWriteTime="132495640278743130"
    Private="false" />
  <Object
    Path="C:\Users\mafio\Documents\GitHub\OTTO_Introduction\Logical\Libraries\AsOpcUac\binary.lby"
    LogicalPath="Libraries.AsOpcUac"
    Type="Library"
    LastWriteTime="132519890614597032" />
  <Object
    Path="C:\Users\mafio\Documents\GitHub\OTTO_Introduction\Logical\Libraries\AsOpcUac\AsOpcUac.fun"
    LogicalPath="Libraries.AsOpcUac.AsOpcUac.fun"
    Type="File"
    LastWriteTime="132519890614219252"
    Private="false" />
  <Object
    Path="C:\Users\mafio\Documents\GitHub\OTTO_Introduction\Logical\Libraries\AsOpcUac\AsOpcUac.typ"
    LogicalPath="Libraries.AsOpcUac.AsOpcUac.typ"
    Type="File"
    LastWriteTime="132519890614440649"
    Private="false" />
  <Object
    Path="C:\Users\mafio\Documents\GitHub\OTTO_Introduction\Logical\Libraries\AsOpcUac\AsOpcUac.var"
    LogicalPath="Libraries.AsOpcUac.AsOpcUac.var"
    Type="File"
    LastWriteTime="132519890614597032"
    Private="false" />
  <Object
    Path="C:\Users\mafio\Documents\GitHub\OTTO_Introduction\Logical\Libraries\AsOpcUas\binary.lby"
    LogicalPath="Libraries.AsOpcUas"
    Type="Library"
    LastWriteTime="132521741486239764" />
  <Object
    Path="C:\Users\mafio\Documents\GitHub\OTTO_Introduction\Logical\Libraries\AsOpcUas\AsOpcUas.fun"
    LogicalPath="Libraries.AsOpcUas.AsOpcUas.fun"
    Type="File"
    LastWriteTime="132521741485859674"
    Private="false" />
  <Object
    Path="C:\Users\mafio\Documents\GitHub\OTTO_Introduction\Logical\Libraries\AsOpcUas\AsOpcUas.typ"
    LogicalPath="Libraries.AsOpcUas.AsOpcUas.typ"
    Type="File"
    LastWriteTime="132521741486059776"
    Private="false" />
  <Object
    Path="C:\Users\mafio\Documents\GitHub\OTTO_Introduction\Logical\Libraries\AsOpcUas\AsOpcUas.var"
    LogicalPath="Libraries.AsOpcUas.AsOpcUas.var"
    Type="File"
    LastWriteTime="132521741486219779"
    Private="false" />
  <Object
    Path="C:\Users\mafio\Documents\GitHub\OTTO_Introduction\Logical\Modbus\IEC.prg"
    LogicalPath="Modbus"
    Type="Program"
    LastWriteTime="132496579873307443" />
  <Object
    Path="C:\Users\mafio\Documents\GitHub\OTTO_Introduction\Logical\Modbus\modbus.st"
    LogicalPath="Modbus.modbus.st"
    Type="File"
    LastWriteTime="132526853807669489"
    Private="false" />
  <Object
    Path="C:\Users\mafio\Documents\GitHub\OTTO_Introduction\Logical\Modbus\Types.typ"
    LogicalPath="Modbus.Types.typ"
    Type="File"
    LastWriteTime="132526834758256517"
    Private="true" />
  <Object
    Path="C:\Users\mafio\Documents\GitHub\OTTO_Introduction\Logical\Modbus\Variables.var"
    LogicalPath="Modbus.Variables.var"
    Type="File"
    LastWriteTime="132526850369806364"
    Private="true" />
  <Object
    Path="C:\Users\mafio\Documents\GitHub\OTTO_Introduction\Logical\Handshake\IEC.prg"
    LogicalPath="Handshake"
    Type="Program"
    LastWriteTime="132526671404357547" />
  <Object
    Path="C:\Users\mafio\Documents\GitHub\OTTO_Introduction\Logical\Handshake\handshake.st"
    LogicalPath="Handshake.handshake.st"
    Type="File"
    LastWriteTime="132526671404117504"
    Private="false" />
  <Object
    Path="C:\Users\mafio\Documents\GitHub\OTTO_Introduction\Logical\Handshake\Types.typ"
    LogicalPath="Handshake.Types.typ"
    Type="File"
    LastWriteTime="132526671404287593"
    Private="true" />
  <Object
    Path="C:\Users\mafio\Documents\GitHub\OTTO_Introduction\Logical\Handshake\Variables.var"
    LogicalPath="Handshake.Variables.var"
    Type="File"
    LastWriteTime="132526671404347550"
    Private="true" />
  <Object
    Path="C:\Users\mafio\Documents\GitHub\OTTO_Introduction\Logical\OPC_UA\Package.pkg"
    LogicalPath="OPC_UA"
    Type="Package"
    LastWriteTime="132526767279536291" />
  <Object
    Path="C:\Users\mafio\Documents\GitHub\OTTO_Introduction\Logical\OPC_UA\Variables.var"
    LogicalPath="OPC_UA.Variables.var"
    Type="File"
    LastWriteTime="132526671399466362"
    Private="true" />
  <Object
    Path="C:\Users\mafio\Documents\GitHub\OTTO_Introduction\Logical\OPC_UA\Types.typ"
    LogicalPath="OPC_UA.Types.typ"
    Type="File"
    LastWriteTime="132526671399486342"
    Private="true" />
  <Object
    Path="C:\Users\mafio\Documents\GitHub\OTTO_Introduction\Logical\OPC_UA\Server\IEC.prg"
    LogicalPath="OPC_UA.Server"
    Type="Program"
    LastWriteTime="132526671400506630" />
  <Object
    Path="C:\Users\mafio\Documents\GitHub\OTTO_Introduction\Logical\OPC_UA\Server\Cyclic.ab"
    LogicalPath="OPC_UA.Server.Cyclic.ab"
    Type="File"
    LastWriteTime="132526671400286565"
    Private="false" />
  <Object
    Path="C:\Users\mafio\Documents\GitHub\OTTO_Introduction\Logical\OPC_UA\Server\Types.typ"
    LogicalPath="OPC_UA.Server.Types.typ"
    Type="File"
    LastWriteTime="132526671400306588"
    Private="true" />
  <Object
    Path="C:\Users\mafio\Documents\GitHub\OTTO_Introduction\Logical\OPC_UA\Server\Variables.var"
    LogicalPath="OPC_UA.Server.Variables.var"
    Type="File"
    LastWriteTime="132526671400486597"
    Private="true" />
  <Object
    Path="C:\Users\mafio\Documents\GitHub\OTTO_Introduction\Logical\OPC_UA\OpcTag.opct"
    LogicalPath="OPC_UA.OpcTag.opct"
    Type="File"
    LastWriteTime="132526671400776676"
    Private="false" />
  <Object
    Path="C:\Users\mafio\Documents\GitHub\OTTO_Introduction\Physical\ModbusForIgnition\Config.pkg"
    LogicalPath="ModbusForIgnition"
    Type="Configuration.ParentUnknown"
    LastWriteTime="132526655935621200" />
  <Object
    Path="C:\Users\mafio\Documents\GitHub\OTTO_Introduction\Physical\ModbusForIgnition\Hardware.hw"
    LogicalPath="ModbusForIgnition.Hardware.hw"
    Type="File"
    LastWriteTime="132526852160335407"
    Private="false" />
  <Object
    Path="C:\Users\mafio\Documents\GitHub\OTTO_Introduction\Physical\ModbusForIgnition\Hardware.hwl"
    LogicalPath="ModbusForIgnition.Hardware.hwl"
    Type="File"
    LastWriteTime="132526655931402469"
    Private="false" />
  <Object
    Path="C:\Users\mafio\Documents\GitHub\OTTO_Introduction\Physical\ModbusForIgnition\X20CP0482\Cpu.pkg"
    LogicalPath="ModbusForIgnition.X20CP0482"
    Type="Cpu"
    LastWriteTime="132526655935308703" />
  <Object
    Path="C:\Users\mafio\Documents\GitHub\OTTO_Introduction\Physical\ModbusForIgnition\X20CP0482\Cpu.sw"
    LogicalPath="ModbusForIgnition.X20CP0482.Cpu.sw"
    Type="File"
    LastWriteTime="132526767286350383"
    Private="false" />
  <Object
    Path="C:\Users\mafio\Documents\GitHub\OTTO_Introduction\Physical\ModbusForIgnition\X20CP0482\Cpu.per"
    LogicalPath="ModbusForIgnition.X20CP0482.Cpu.per"
    Type="File"
    LastWriteTime="132526655931870968"
    Private="false" />
  <Object
    Path="C:\Users\mafio\Documents\GitHub\OTTO_Introduction\Physical\ModbusForIgnition\X20CP0482\IoMap.iom"
    LogicalPath="ModbusForIgnition.X20CP0482.IoMap.iom"
    Type="File"
    LastWriteTime="132526834878426057"
    Private="false" />
  <Object
    Path="C:\Users\mafio\Documents\GitHub\OTTO_Introduction\Physical\ModbusForIgnition\X20CP0482\PvMap.vvm"
    LogicalPath="ModbusForIgnition.X20CP0482.PvMap.vvm"
    Type="File"
    LastWriteTime="132526655932183473"
    Private="false" />
  <Object
    Path="C:\Users\mafio\Documents\GitHub\OTTO_Introduction\Physical\ModbusForIgnition\X20CP0482\Connectivity\Package.pkg"
    LogicalPath="ModbusForIgnition.X20CP0482.Connectivity"
    Type="Package"
    LastWriteTime="132526655932339742" />
  <Object
    Path="C:\Users\mafio\Documents\GitHub\OTTO_Introduction\Physical\ModbusForIgnition\X20CP0482\Connectivity\OpcUA\Package.pkg"
    LogicalPath="ModbusForIgnition.X20CP0482.Connectivity.OpcUA"
    Type="Package"
    LastWriteTime="132526656156754306" />
  <Object
    Path="C:\Users\mafio\Documents\GitHub\OTTO_Introduction\Physical\ModbusForIgnition\X20CP0482\TextSystem\Package.pkg"
    LogicalPath="ModbusForIgnition.X20CP0482.TextSystem"
    Type="Package"
    LastWriteTime="132526655932496015" />
  <Object
    Path="C:\Users\mafio\Documents\GitHub\OTTO_Introduction\Physical\ModbusForIgnition\X20CP0482\UnitSystem\Package.pkg"
    LogicalPath="ModbusForIgnition.X20CP0482.UnitSystem"
    Type="Package"
    LastWriteTime="132526655932652467" />
  <Object
    Path="C:\Users\mafio\Documents\GitHub\OTTO_Introduction\Physical\ModbusForIgnition\X20CP0482\AccessAndSecurity\Package.pkg"
    LogicalPath="ModbusForIgnition.X20CP0482.AccessAndSecurity"
    Type="Package"
    LastWriteTime="132526655934683670" />
  <Object
    Path="C:\Users\mafio\Documents\GitHub\OTTO_Introduction\Physical\ModbusForIgnition\X20CP0482\AccessAndSecurity\UserRoleSystem\Package.pkg"
    LogicalPath="ModbusForIgnition.X20CP0482.AccessAndSecurity.UserRoleSystem"
    Type="Package"
    LastWriteTime="132526655933121041" />
  <Object
    Path="C:\Users\mafio\Documents\GitHub\OTTO_Introduction\Physical\ModbusForIgnition\X20CP0482\AccessAndSecurity\UserRoleSystem\Role.role"
    LogicalPath="ModbusForIgnition.X20CP0482.AccessAndSecurity.UserRoleSystem.Role.role"
    Type="File"
    LastWriteTime="132526655932964799"
    Private="false" />
  <Object
    Path="C:\Users\mafio\Documents\GitHub\OTTO_Introduction\Physical\ModbusForIgnition\X20CP0482\AccessAndSecurity\UserRoleSystem\User.user"
    LogicalPath="ModbusForIgnition.X20CP0482.AccessAndSecurity.UserRoleSystem.User.user"
    Type="File"
    LastWriteTime="132526655933121041"
    Private="false" />
  <Object
    Path="C:\Users\mafio\Documents\GitHub\OTTO_Introduction\Physical\ModbusForIgnition\X20CP0482\AccessAndSecurity\CertificateStore\Package.pkg"
    LogicalPath="ModbusForIgnition.X20CP0482.AccessAndSecurity.CertificateStore"
    Type="Package"
    LastWriteTime="132526655934058607" />
  <Object
    Path="C:\Users\mafio\Documents\GitHub\OTTO_Introduction\Physical\ModbusForIgnition\X20CP0482\AccessAndSecurity\CertificateStore\OwnCertificates\Package.pkg"
    LogicalPath="ModbusForIgnition.X20CP0482.AccessAndSecurity.CertificateStore.OwnCertificates"
    Type="Package"
    LastWriteTime="132526655933589824" />
  <Object
    Path="C:\Users\mafio\Documents\GitHub\OTTO_Introduction\Physical\ModbusForIgnition\X20CP0482\AccessAndSecurity\CertificateStore\OwnCertificates\Certificates\Package.pkg"
    LogicalPath="ModbusForIgnition.X20CP0482.AccessAndSecurity.CertificateStore.OwnCertificates.Certificates"
    Type="Package"
    LastWriteTime="132526655933433570" />
  <Object
    Path="C:\Users\mafio\Documents\GitHub\OTTO_Introduction\Physical\ModbusForIgnition\X20CP0482\AccessAndSecurity\CertificateStore\OwnCertificates\PrivateKeys\Package.pkg"
    LogicalPath="ModbusForIgnition.X20CP0482.AccessAndSecurity.CertificateStore.OwnCertificates.PrivateKeys"
    Type="Package"
    LastWriteTime="132526655933589824" />
  <Object
    Path="C:\Users\mafio\Documents\GitHub\OTTO_Introduction\Physical\ModbusForIgnition\X20CP0482\AccessAndSecurity\CertificateStore\ThirdPartyCertificates\Package.pkg"
    LogicalPath="ModbusForIgnition.X20CP0482.AccessAndSecurity.CertificateStore.ThirdPartyCertificates"
    Type="Package"
    LastWriteTime="132526655933746214" />
  <Object
    Path="C:\Users\mafio\Documents\GitHub\OTTO_Introduction\Physical\ModbusForIgnition\X20CP0482\AccessAndSecurity\CertificateStore\ThirdPartyCertificates\SoftwareCertificates\Package.pkg"
    LogicalPath="ModbusForIgnition.X20CP0482.AccessAndSecurity.CertificateStore.ThirdPartyCertificates.SoftwareCertificates"
    Type="Package"
    LastWriteTime="132526655933746214" />
  <Object
    Path="C:\Users\mafio\Documents\GitHub\OTTO_Introduction\Physical\ModbusForIgnition\X20CP0482\AccessAndSecurity\CertificateStore\CertificateRevocationLists\Package.pkg"
    LogicalPath="ModbusForIgnition.X20CP0482.AccessAndSecurity.CertificateStore.CertificateRevocationLists"
    Type="Package"
    LastWriteTime="132526655933902350" />
  <Object
    Path="C:\Users\mafio\Documents\GitHub\OTTO_Introduction\Physical\ModbusForIgnition\X20CP0482\AccessAndSecurity\CertificateStore\CertificateSigningRequests\Package.pkg"
    LogicalPath="ModbusForIgnition.X20CP0482.AccessAndSecurity.CertificateStore.CertificateSigningRequests"
    Type="Package"
    LastWriteTime="132526655934058607" />
  <Object
    Path="C:\Users\mafio\Documents\GitHub\OTTO_Introduction\Physical\ModbusForIgnition\X20CP0482\AccessAndSecurity\TransportLayerSecurity\Package.pkg"
    LogicalPath="ModbusForIgnition.X20CP0482.AccessAndSecurity.TransportLayerSecurity"
    Type="Package"
    LastWriteTime="132526655934214877" />
  <Object
    Path="C:\Users\mafio\Documents\GitHub\OTTO_Introduction\Physical\ModbusForIgnition\X20CP0482\AccessAndSecurity\Firewall\Package.pkg"
    LogicalPath="ModbusForIgnition.X20CP0482.AccessAndSecurity.Firewall"
    Type="Package"
    LastWriteTime="132526655934527414" />
  <Object
    Path="C:\Users\mafio\Documents\GitHub\OTTO_Introduction\Physical\ModbusForIgnition\X20CP0482\AccessAndSecurity\Firewall\Rules.firewallRules"
    LogicalPath="ModbusForIgnition.X20CP0482.AccessAndSecurity.Firewall.Rules.firewallRules"
    Type="File"
    LastWriteTime="132526655934527414"
    Private="false" />
  <Object
    Path="C:\Users\mafio\Documents\GitHub\OTTO_Introduction\Physical\ModbusForIgnition\X20CP0482\mappControl\Package.pkg"
    LogicalPath="ModbusForIgnition.X20CP0482.mappControl"
    Type="Package"
    LastWriteTime="132526655934839905" />
  <Object
    Path="C:\Users\mafio\Documents\GitHub\OTTO_Introduction\Physical\ModbusForIgnition\X20CP0482\mappMotion\Package.pkg"
    LogicalPath="ModbusForIgnition.X20CP0482.mappMotion"
    Type="Package"
    LastWriteTime="132526655934996174" />
  <Object
    Path="C:\Users\mafio\Documents\GitHub\OTTO_Introduction\Physical\ModbusForIgnition\X20CP0482\mappServices\Package.pkg"
    LogicalPath="ModbusForIgnition.X20CP0482.mappServices"
    Type="Package"
    LastWriteTime="132526655935152455" />
  <Object
    Path="C:\Users\mafio\Documents\GitHub\OTTO_Introduction\Physical\ModbusForIgnition\X20CP0482\mappView\Package.pkg"
    LogicalPath="ModbusForIgnition.X20CP0482.mappView"
    Type="Package"
    LastWriteTime="132526655935152455" />
  <Object
    Path="C:\Users\mafio\Documents\GitHub\OTTO_Introduction\Physical\ModbusForIgnition\X20CP0482\mappCockpit\Package.pkg"
    LogicalPath="ModbusForIgnition.X20CP0482.mappCockpit"
    Type="Package"
    LastWriteTime="132526655935308703" />
  <Object
    Path="C:\Users\mafio\Documents\GitHub\OTTO_Introduction\Physical\ModbusForIgnition\Hardware.jpg"
    LogicalPath="ModbusForIgnition.Hardware.jpg"
    Type="File"
    LastWriteTime="132526655935621200"
    Private="false" />
</Objects>